<?xml version="1.0" encoding="UTF-8"?>
<!-- Generated by org.testng.reporters.JUnitReportReporter -->
<testsuite hostname="oppoA51" failures="0" tests="4" name="com.Runner.CrossBrowser" time="40.210" errors="0" timestamp="2024-08-21T15:35:36 IST" skipped="1">
  <testcase classname="com.Runner.CrossBrowser" name="chrome" time="14.486"/>
  <testcase classname="com.Runner.CrossBrowser" name="chrome" time="13.147"/>
  <testcase classname="com.Runner.CrossBrowser" name="firefox" time="12.577"/>
  <testcase classname="com.Runner.CrossBrowser" name="edge">
    <skipped/>
  </testcase> <!-- edge -->
</testsuite> <!-- com.Runner.CrossBrowser -->
