<?xml version="1.0" encoding="UTF-8"?>
<!-- Generated by org.testng.reporters.JUnitReportReporter -->
<testsuite hostname="oppoA51" failures="0" tests="3" name="com.Runner.TestClass" time="16.391" errors="0" timestamp="2024-08-19T13:31:23 IST" skipped="0">
  <testcase classname="com.Runner.TestClass" name="browser" time="14.596"/>
  <testcase classname="com.Runner.TestClass" name="getUrl" time="0.899"/>
  <testcase classname="com.Runner.TestClass" name="closea" time="0.896"/>
</testsuite> <!-- com.Runner.TestClass -->
