<?xml version="1.0" encoding="UTF-8"?>
<!-- Generated by org.testng.reporters.JUnitReportReporter -->
<testsuite hostname="oppoA51" failures="0" tests="4" name="com.Runner.Grouping" time="0.094" errors="0" timestamp="2024-08-21T15:57:50 IST" skipped="0">
  <testcase classname="com.Runner.Grouping" name="ponnivalavan" time="0.005"/>
  <testcase classname="com.Runner.Grouping" name="Yaasar" time="0.080"/>
  <testcase classname="com.Runner.Grouping" name="praveen" time="0.006"/>
  <testcase classname="com.Runner.Grouping" name="ragu" time="0.003"/>
</testsuite> <!-- com.Runner.Grouping -->
